<?xml version="1.0" encoding="UTF-8"?>
<testsuite name="ArrayListAppTest" tests="1" skipped="0" failures="0" errors="0" timestamp="2021-09-20T19:07:16" hostname="WORKSTATION" time="0.012">
  <properties/>
  <testcase name="shouldCreateClassAndAddToArrayList()" classname="ArrayListAppTest" time="0.012"/>
  <system-out><![CDATA[]]></system-out>
  <system-err><![CDATA[]]></system-err>
</testsuite>
